<?xml version="1.0" encoding="UTF-8"?>
<testng-results skipped="0" failed="0" ignored="0" total="1" passed="1">
  <reporter-output>
  </reporter-output>
  <suite name="Default suite" duration-ms="18752" started-at="2022-01-14T08:11:28Z" finished-at="2022-01-14T08:11:47Z">
    <groups>
    </groups>
    <test name="Default test" duration-ms="18752" started-at="2022-01-14T08:11:28Z" finished-at="2022-01-14T08:11:47Z">
      <class name="testscript.ValidLogin">
        <test-method status="PASS" signature="openAppln()[pri:0, instance:testscript.ValidLogin@49993335]" name="openAppln" is-config="true" duration-ms="10087" started-at="2022-01-14T08:11:28Z" finished-at="2022-01-14T08:11:38Z">
          <reporter-output>
          </reporter-output>
        </test-method> <!-- openAppln -->
        <test-method status="PASS" signature="getLogged()[pri:0, instance:testscript.ValidLogin@49993335]" name="getLogged" duration-ms="4180" started-at="2022-01-14T08:11:38Z" finished-at="2022-01-14T08:11:42Z">
          <reporter-output>
          </reporter-output>
        </test-method> <!-- getLogged -->
        <test-method status="PASS" signature="closeAppln(org.testng.ITestResult)[pri:0, instance:testscript.ValidLogin@49993335]" name="closeAppln" is-config="true" duration-ms="4439" started-at="2022-01-14T08:11:42Z" finished-at="2022-01-14T08:11:47Z">
          <params>
            <param index="0">
              <value>
                <![CDATA[[TestResult name=getLogged status=SUCCESS method=ValidLogin.getLogged()[pri:0, instance:testscript.ValidLogin@49993335] output={null}]]]>
              </value>
            </param>
          </params>
          <reporter-output>
          </reporter-output>
        </test-method> <!-- closeAppln -->
      </class> <!-- testscript.ValidLogin -->
    </test> <!-- Default test -->
  </suite> <!-- Default suite -->
</testng-results>
